DEB [20170507-16:46:53.447] thr=1   paramiko.transport: starting thread (server mode): 0x25850d0L
DEB [20170507-16:46:53.448] thr=1   paramiko.transport: Local version/idstring: SSH-2.0-paramiko_2.1.2
DEB [20170507-16:46:53.448] thr=1   paramiko.transport: Remote version/idstring: SSH-2.0-paramiko_2.1.2
INF [20170507-16:46:53.448] thr=1   paramiko.transport: Connected (version 2.0, client paramiko_2.1.2)
DEB [20170507-16:46:53.449] thr=1   paramiko.transport: kex algos:[u'diffie-hellman-group1-sha1', u'diffie-hellman-group14-sha1', u'diffie-hellman-group-exchange-sha1', u'diffie-hellman-group-exchange-sha256'] server key:[u'ssh-rsa', u'ssh-dss', u'ecdsa-sha2-nistp256', u'ecdsa-sha2-nistp384', u'ecdsa-sha2-nistp521'] client encrypt:[u'aes128-ctr', u'aes192-ctr', u'aes256-ctr', u'aes128-cbc', u'blowfish-cbc', u'aes192-cbc', u'aes256-cbc', u'3des-cbc', u'arcfour128', u'arcfour256'] server encrypt:[u'aes128-ctr', u'aes192-ctr', u'aes256-ctr', u'aes128-cbc', u'blowfish-cbc', u'aes192-cbc', u'aes256-cbc', u'3des-cbc', u'arcfour128', u'arcfour256'] client mac:[u'hmac-sha2-256', u'hmac-sha2-512', u'hmac-md5', u'hmac-sha1-96', u'hmac-md5-96', u'hmac-sha1'] server mac:[u'hmac-sha2-256', u'hmac-sha2-512', u'hmac-md5', u'hmac-sha1-96', u'hmac-md5-96', u'hmac-sha1'] client compress:[u'none'] server compress:[u'none'] client lang:[u''] server lang:[u''] kex follows?False
DEB [20170507-16:46:53.449] thr=1   paramiko.transport: Kex agreed: diffie-hellman-group1-sha1
DEB [20170507-16:46:53.449] thr=1   paramiko.transport: Cipher agreed: aes128-ctr
DEB [20170507-16:46:53.449] thr=1   paramiko.transport: MAC agreed: hmac-sha2-256
DEB [20170507-16:46:53.449] thr=1   paramiko.transport: Compression agreed: none
DEB [20170507-16:46:53.460] thr=1   paramiko.transport: kex engine KexGroup1 specified hash_algo <built-in function openssl_sha1>
DEB [20170507-16:46:53.564] thr=1   paramiko.transport: Switch to new keys ...
DEB [20170507-16:46:53.575] thr=1   paramiko.transport: Auth request (type=publickey) service=ssh-connection, username=iotbigdata
INF [20170507-16:46:53.575] thr=1   paramiko.transport: Auth rejected (publickey).
DEB [20170507-16:46:53.581] thr=1   paramiko.transport: Auth request (type=password) service=ssh-connection, username=iotbigdata
INF [20170507-16:46:53.581] thr=1   paramiko.transport: Auth granted (password).
DEB [20170507-16:46:53.582] thr=1   paramiko.transport: [chan 0] Max packet in: 32768 bytes
DEB [20170507-16:46:53.582] thr=1   paramiko.transport: [chan 0] Max packet out: 32768 bytes
DEB [20170507-16:46:53.583] thr=1   paramiko.transport: Secsh channel 0 (session) opened.
DEB [20170507-16:46:53.584] thr=1   paramiko.transport: [chan 0] EOF received (0)
DEB [20170507-16:46:53.585] thr=1   paramiko.transport: [chan 0] EOF sent (0)
ERR [20170507-16:46:53.585] thr=1   paramiko.transport: Socket exception: Connection reset by peer (54)
